<?xml version="1.0" encoding="UTF-8"?>
<!-- Generated by org.testng.reporters.JUnitReportReporter -->
<testsuite skipped="0" hostname="NUS279" name="demo.TestNGMultiBrowserDemo" tests="1" failures="0" timestamp="2019-12-30T15:21:07 EST" time="4.599" errors="0">
  <testcase name="test1" time="4.599" classname="demo.TestNGMultiBrowserDemo"/>
  <system-out/>
</testsuite> <!-- demo.TestNGMultiBrowserDemo -->
