<?xml version="1.0" encoding="UTF-8"?>
<!-- Generated by org.testng.reporters.JUnitReportReporter -->
<testsuite skipped="0" hostname="NUS279" name="utils.ExcelDataProvider" tests="3" failures="0" timestamp="08 Oct 2019 20:28:45 GMT" time="15.965" errors="0">
  <testcase name="test1" time="5.477" classname="utils.ExcelDataProvider"/>
  <testcase name="test1" time="5.224" classname="utils.ExcelDataProvider"/>
  <testcase name="test1" time="5.264" classname="utils.ExcelDataProvider"/>
</testsuite> <!-- utils.ExcelDataProvider -->
