<?xml version="1.0" encoding="UTF-8"?>
<!-- Generated by org.testng.reporters.JUnitReportReporter -->
<testsuite skipped="0" hostname="NUS279" name="demo.TestNGGroupsDemo" tests="4" failures="0" timestamp="2019-12-30T15:48:40 EST" time="0.005" errors="0">
  <testcase name="test3" time="0.001" classname="demo.TestNGGroupsDemo"/>
  <system-out/>
  <testcase name="test1" time="0.001" classname="demo.TestNGGroupsDemo"/>
  <system-out/>
  <testcase name="test4" time="0.001" classname="demo.TestNGGroupsDemo"/>
  <system-out/>
  <testcase name="test2" time="0.002" classname="demo.TestNGGroupsDemo"/>
  <system-out/>
</testsuite> <!-- demo.TestNGGroupsDemo -->
