<?xml version="1.0" encoding="UTF-8"?>
<!-- Generated by org.testng.reporters.JUnitReportReporter -->
<testsuite skipped="0" hostname="NUS279" name="demo.TestNGDependency" tests="3" failures="0" timestamp="2019-12-30T15:49:21 EST" time="0.011" errors="0">
  <testcase name="Test1" time="0.002" classname="demo.TestNGDependency"/>
  <system-out/>
  <testcase name="Test2" time="0.008" classname="demo.TestNGDependency"/>
  <system-out/>
  <testcase name="Test3" time="0.001" classname="demo.TestNGDependency"/>
  <system-out/>
</testsuite> <!-- demo.TestNGDependency -->
