<?xml version="1.0" encoding="UTF-8"?>
<!-- Generated by org.testng.reporters.JUnitReportReporter -->
<testsuite skipped="0" hostname="NUS279" name="demo.Test1" tests="1" failures="0" timestamp="2019-12-30T17:05:04 EST" time="17.507" errors="0">
  <testcase name="testUntitledTestCase" time="17.507" classname="demo.Test1"/>
  <system-out/>
</testsuite> <!-- demo.Test1 -->
