<?xml version="1.0" encoding="UTF-8"?>
<!-- Generated by org.testng.reporters.JUnitReportReporter -->
<testsuite skipped="0" hostname="NUS279" name="demo.TestNGParameters" tests="1" failures="0" timestamp="2019-12-30T15:42:07 EST" time="0.006" errors="0">
  <testcase name="test1" time="0.006" classname="demo.TestNGParameters"/>
  <system-out/>
</testsuite> <!-- demo.TestNGParameters -->
