<?xml version="1.0" encoding="UTF-8"?>
<!-- Generated by org.testng.reporters.JUnitReportReporter -->
<testsuite skipped="0" hostname="NUS279" name="demo.TestNGPriorityDemo" tests="3" failures="0" timestamp="30 Dec 2019 19:39:46 GMT" time="0.015" errors="0">
  <testcase name="three" time="0.001" classname="demo.TestNGPriorityDemo"/>
  <testcase name="two" time="0.002" classname="demo.TestNGPriorityDemo"/>
  <testcase name="one" time="0.012" classname="demo.TestNGPriorityDemo"/>
</testsuite> <!-- demo.TestNGPriorityDemo -->
