<?xml version="1.0" encoding="UTF-8"?>
<!-- Generated by org.testng.reporters.JUnitReportReporter -->
<testsuite skipped="1" hostname="NUS279" name="demo.TestNGIgnoreDemo" tests="2" failures="0" timestamp="2019-12-30T15:59:45 EST" time="0.007" errors="0">
  <testcase name="test2" time="0.007" classname="demo.TestNGIgnoreDemo"/>
  <system-out/>
  <testcase name="test1" classname="demo.TestNGIgnoreDemo">
    <skipped/>
  </testcase> <!-- test1 -->
  <system-out/>
</testsuite> <!-- demo.TestNGIgnoreDemo -->
