<?xml version="1.0" encoding="UTF-8"?>
<!-- Generated by org.testng.reporters.JUnitReportReporter -->
<testsuite skipped="0" hostname="NUS279" name="test.ExtentReportsWithTestNG" tests="1" failures="0" timestamp="07 Oct 2019 13:45:39 GMT" time="7.937" errors="0">
  <testcase name="test1" time="7.937" classname="test.ExtentReportsWithTestNG"/>
</testsuite> <!-- test.ExtentReportsWithTestNG -->
